./lisod 15441
Accepted connection from (localhost, 7880)
4 says :GET /BAD/ HTTP/1.1
4 says :Host: www.baidu.com
4 says :
Parsing Failed
Accepted connection from (localhost, 7881)
5 says :GET /GOOD/ HTTP/1.1
5 says :Host: www.baidu.com
5 says :
Parsing Failed
Accepted connection from (localhost, 7882)
6 says :GET /BAD/ HTTP/1.1
6 says :Host: www.baidu.com
6 says :
Parsing Failed
Accepted connection from (localhost, 7883)
7 says :GET /GOOD/ HTTP/1.1
7 says :Host: www.baidu.com
7 says :
Parsing Failed
Accepted connection from (localhost, 7884)
8 says :GET /BAD/ HTTP/1.1
8 says :Host: www.baidu.com
8 says :
Parsing Failed
Accepted connection from (localhost, 7885)
9 says :GET /GOOD/ HTTP/1.1
9 says :Host: www.baidu.com
9 says :
Parsing Failed
Accepted connection from (localhost, 7886)
10 says :GET /BAD/ HTTP/1.1
10 says :Host: www.baidu.com
10 says :
Parsing Failed
Accepted connection from (localhost, 7887)
11 says :GET /GOOD/ HTTP/1.1
11 says :Host: www.baidu.com
11 says :
Parsing Failed
Accepted connectioMakefile:30: recipe for target 'run' failed
